[     398ms] [INFO] %cDownload the React DevTools for a better development experience: https://react.dev/link/react-devtools font-weight:bold @ http://localhost:3000/_next/static/chunks/node_modules_next_dist_115brz8._.js:2431
[     414ms] [LOG] [HMR] connected @ http://localhost:3000/_next/static/chunks/node_modules_next_dist_115brz8._.js:2431
[    3428ms] [WARNING] The resource http://localhost:3000/_next/static/media/99e609270109b47d-s.p.16-z~2sp29ex6.woff2 was preloaded using link preload but not used within a few seconds from the window's load event. Please make sure it has an appropriate `as` value and it is preloaded intentionally. @ http://localhost:3000/chat:0
[    3428ms] [WARNING] The resource http://localhost:3000/_next/static/media/effe91970fc4db64-s.p.07ig5l8azj~hy.woff2 was preloaded using link preload but not used within a few seconds from the window's load event. Please make sure it has an appropriate `as` value and it is preloaded intentionally. @ http://localhost:3000/chat:0
[    3428ms] [WARNING] The resource http://localhost:3000/_next/static/media/23b7a97ae3b5c134-s.p.0o14nraug8u5s.woff2 was preloaded using link preload but not used within a few seconds from the window's load event. Please make sure it has an appropriate `as` value and it is preloaded intentionally. @ http://localhost:3000/chat:0
[   11781ms] [WARNING] The resource http://localhost:3000/_next/static/media/99e609270109b47d-s.p.16-z~2sp29ex6.woff2 was preloaded using link preload but not used within a few seconds from the window's load event. Please make sure it has an appropriate `as` value and it is preloaded intentionally. @ http://localhost:3000/chat?id=28d80e0d-7838-472a-8c1e-5f376b1dc5db:0
[   11781ms] [WARNING] The resource http://localhost:3000/_next/static/media/effe91970fc4db64-s.p.07ig5l8azj~hy.woff2 was preloaded using link preload but not used within a few seconds from the window's load event. Please make sure it has an appropriate `as` value and it is preloaded intentionally. @ http://localhost:3000/chat?id=28d80e0d-7838-472a-8c1e-5f376b1dc5db:0
[   11781ms] [WARNING] The resource http://localhost:3000/_next/static/media/23b7a97ae3b5c134-s.p.0o14nraug8u5s.woff2 was preloaded using link preload but not used within a few seconds from the window's load event. Please make sure it has an appropriate `as` value and it is preloaded intentionally. @ http://localhost:3000/chat?id=28d80e0d-7838-472a-8c1e-5f376b1dc5db:0
[   31583ms] [WARNING] The resource http://localhost:3000/_next/static/media/99e609270109b47d-s.p.16-z~2sp29ex6.woff2 was preloaded using link preload but not used within a few seconds from the window's load event. Please make sure it has an appropriate `as` value and it is preloaded intentionally. @ http://localhost:3000/chat?id=28d80e0d-7838-472a-8c1e-5f376b1dc5db:0
[   31583ms] [WARNING] The resource http://localhost:3000/_next/static/media/effe91970fc4db64-s.p.07ig5l8azj~hy.woff2 was preloaded using link preload but not used within a few seconds from the window's load event. Please make sure it has an appropriate `as` value and it is preloaded intentionally. @ http://localhost:3000/chat?id=28d80e0d-7838-472a-8c1e-5f376b1dc5db:0
[   31583ms] [WARNING] The resource http://localhost:3000/_next/static/media/23b7a97ae3b5c134-s.p.0o14nraug8u5s.woff2 was preloaded using link preload but not used within a few seconds from the window's load event. Please make sure it has an appropriate `as` value and it is preloaded intentionally. @ http://localhost:3000/chat?id=28d80e0d-7838-472a-8c1e-5f376b1dc5db:0
[   95388ms] [LOG] [Fast Refresh] rebuilding @ http://localhost:3000/_next/static/chunks/node_modules_next_dist_115brz8._.js:2431
[   95414ms] [LOG] [Fast Refresh] done in 21ms @ http://localhost:3000/_next/static/chunks/node_modules_next_dist_115brz8._.js:2431
[  100793ms] [LOG] [Fast Refresh] rebuilding @ http://localhost:3000/_next/static/chunks/node_modules_next_dist_115brz8._.js:2431
[  100819ms] [LOG] [Fast Refresh] done in 21ms @ http://localhost:3000/_next/static/chunks/node_modules_next_dist_115brz8._.js:2431
[  110982ms] [LOG] [Fast Refresh] rebuilding @ http://localhost:3000/_next/static/chunks/node_modules_next_dist_115brz8._.js:2431
[  111020ms] [LOG] [Fast Refresh] done in 23ms @ http://localhost:3000/_next/static/chunks/node_modules_next_dist_115brz8._.js:2431
[  114288ms] [WARNING] The resource http://localhost:3000/_next/static/media/99e609270109b47d-s.p.16-z~2sp29ex6.woff2 was preloaded using link preload but not used within a few seconds from the window's load event. Please make sure it has an appropriate `as` value and it is preloaded intentionally. @ http://localhost:3000/chat?id=28d80e0d-7838-472a-8c1e-5f376b1dc5db:0
[  114288ms] [WARNING] The resource http://localhost:3000/_next/static/media/effe91970fc4db64-s.p.07ig5l8azj~hy.woff2 was preloaded using link preload but not used within a few seconds from the window's load event. Please make sure it has an appropriate `as` value and it is preloaded intentionally. @ http://localhost:3000/chat?id=28d80e0d-7838-472a-8c1e-5f376b1dc5db:0
[  114288ms] [WARNING] The resource http://localhost:3000/_next/static/media/23b7a97ae3b5c134-s.p.0o14nraug8u5s.woff2 was preloaded using link preload but not used within a few seconds from the window's load event. Please make sure it has an appropriate `as` value and it is preloaded intentionally. @ http://localhost:3000/chat?id=28d80e0d-7838-472a-8c1e-5f376b1dc5db:0
