[     242ms] [LOG] [Fast Refresh] rebuilding @ http://localhost:3000/_next/static/chunks/node_modules_next_dist_115brz8._.js:2431
[     248ms] [LOG] [Fast Refresh] done in 108ms @ http://localhost:3000/_next/static/chunks/node_modules_next_dist_115brz8._.js:2431
[     540ms] [INFO] %cDownload the React DevTools for a better development experience: https://react.dev/link/react-devtools font-weight:bold @ http://localhost:3000/_next/static/chunks/node_modules_next_dist_115brz8._.js:2431
[     550ms] [LOG] [HMR] connected @ http://localhost:3000/_next/static/chunks/node_modules_next_dist_115brz8._.js:2431
[     571ms] [ERROR] Failed to load resource: the server responded with a status of 404 (Not Found) @ http://localhost:3000/logo.svg:0
[    3576ms] [WARNING] The resource http://localhost:3000/_next/static/media/99e609270109b47d-s.p.16-z~2sp29ex6.woff2 was preloaded using link preload but not used within a few seconds from the window's load event. Please make sure it has an appropriate `as` value and it is preloaded intentionally. @ http://localhost:3000/chat:0
[    3576ms] [WARNING] The resource http://localhost:3000/_next/static/media/effe91970fc4db64-s.p.07ig5l8azj~hy.woff2 was preloaded using link preload but not used within a few seconds from the window's load event. Please make sure it has an appropriate `as` value and it is preloaded intentionally. @ http://localhost:3000/chat:0
[    3576ms] [WARNING] The resource http://localhost:3000/_next/static/media/23b7a97ae3b5c134-s.p.0o14nraug8u5s.woff2 was preloaded using link preload but not used within a few seconds from the window's load event. Please make sure it has an appropriate `as` value and it is preloaded intentionally. @ http://localhost:3000/chat:0
[   18500ms] [WARNING] The resource http://localhost:3000/_next/static/media/99e609270109b47d-s.p.16-z~2sp29ex6.woff2 was preloaded using link preload but not used within a few seconds from the window's load event. Please make sure it has an appropriate `as` value and it is preloaded intentionally. @ http://localhost:3000/chat?id=4ad17eac-2708-4f8f-b04a-feda6e18534f:0
[   18501ms] [WARNING] The resource http://localhost:3000/_next/static/media/effe91970fc4db64-s.p.07ig5l8azj~hy.woff2 was preloaded using link preload but not used within a few seconds from the window's load event. Please make sure it has an appropriate `as` value and it is preloaded intentionally. @ http://localhost:3000/chat?id=4ad17eac-2708-4f8f-b04a-feda6e18534f:0
[   18501ms] [WARNING] The resource http://localhost:3000/_next/static/media/23b7a97ae3b5c134-s.p.0o14nraug8u5s.woff2 was preloaded using link preload but not used within a few seconds from the window's load event. Please make sure it has an appropriate `as` value and it is preloaded intentionally. @ http://localhost:3000/chat?id=4ad17eac-2708-4f8f-b04a-feda6e18534f:0
[   51431ms] [LOG] [Fast Refresh] rebuilding @ http://localhost:3000/_next/static/chunks/node_modules_next_dist_115brz8._.js:2431
[   51843ms] [LOG] [Fast Refresh] done in 71ms @ http://localhost:3000/_next/static/chunks/node_modules_next_dist_115brz8._.js:2431
[   51851ms] [ERROR] Failed to load resource: the server responded with a status of 400 (Bad Request) @ http://localhost:3000/_next/image?url=%2Flogo2.png&w=48&q=75:0
[   54854ms] [WARNING] The resource http://localhost:3000/_next/static/media/99e609270109b47d-s.p.16-z~2sp29ex6.woff2 was preloaded using link preload but not used within a few seconds from the window's load event. Please make sure it has an appropriate `as` value and it is preloaded intentionally. @ http://localhost:3000/chat?id=4ad17eac-2708-4f8f-b04a-feda6e18534f:0
[   54854ms] [WARNING] The resource http://localhost:3000/_next/static/media/effe91970fc4db64-s.p.07ig5l8azj~hy.woff2 was preloaded using link preload but not used within a few seconds from the window's load event. Please make sure it has an appropriate `as` value and it is preloaded intentionally. @ http://localhost:3000/chat?id=4ad17eac-2708-4f8f-b04a-feda6e18534f:0
[   54854ms] [WARNING] The resource http://localhost:3000/_next/static/media/23b7a97ae3b5c134-s.p.0o14nraug8u5s.woff2 was preloaded using link preload but not used within a few seconds from the window's load event. Please make sure it has an appropriate `as` value and it is preloaded intentionally. @ http://localhost:3000/chat?id=4ad17eac-2708-4f8f-b04a-feda6e18534f:0
[   71911ms] [WARNING] The resource http://localhost:3000/_next/static/media/99e609270109b47d-s.p.16-z~2sp29ex6.woff2 was preloaded using link preload but not used within a few seconds from the window's load event. Please make sure it has an appropriate `as` value and it is preloaded intentionally. @ http://localhost:3000/chat?id=4ad17eac-2708-4f8f-b04a-feda6e18534f:0
[   71911ms] [WARNING] The resource http://localhost:3000/_next/static/media/effe91970fc4db64-s.p.07ig5l8azj~hy.woff2 was preloaded using link preload but not used within a few seconds from the window's load event. Please make sure it has an appropriate `as` value and it is preloaded intentionally. @ http://localhost:3000/chat?id=4ad17eac-2708-4f8f-b04a-feda6e18534f:0
[   71911ms] [WARNING] The resource http://localhost:3000/_next/static/media/23b7a97ae3b5c134-s.p.0o14nraug8u5s.woff2 was preloaded using link preload but not used within a few seconds from the window's load event. Please make sure it has an appropriate `as` value and it is preloaded intentionally. @ http://localhost:3000/chat?id=4ad17eac-2708-4f8f-b04a-feda6e18534f:0
[   78806ms] [LOG] [Fast Refresh] rebuilding @ http://localhost:3000/_next/static/chunks/node_modules_next_dist_115brz8._.js:2431
[   78833ms] [LOG] [Fast Refresh] done in 24ms @ http://localhost:3000/_next/static/chunks/node_modules_next_dist_115brz8._.js:2431
[   81826ms] [WARNING] The resource http://localhost:3000/_next/static/media/99e609270109b47d-s.p.16-z~2sp29ex6.woff2 was preloaded using link preload but not used within a few seconds from the window's load event. Please make sure it has an appropriate `as` value and it is preloaded intentionally. @ http://localhost:3000/chat?id=4ad17eac-2708-4f8f-b04a-feda6e18534f:0
[   81826ms] [WARNING] The resource http://localhost:3000/_next/static/media/effe91970fc4db64-s.p.07ig5l8azj~hy.woff2 was preloaded using link preload but not used within a few seconds from the window's load event. Please make sure it has an appropriate `as` value and it is preloaded intentionally. @ http://localhost:3000/chat?id=4ad17eac-2708-4f8f-b04a-feda6e18534f:0
[   81826ms] [WARNING] The resource http://localhost:3000/_next/static/media/23b7a97ae3b5c134-s.p.0o14nraug8u5s.woff2 was preloaded using link preload but not used within a few seconds from the window's load event. Please make sure it has an appropriate `as` value and it is preloaded intentionally. @ http://localhost:3000/chat?id=4ad17eac-2708-4f8f-b04a-feda6e18534f:0
